<?xml version="1.0" encoding="UTF-8"?>
<testsuite name="net.runelite.client.plugins.itemidentification.ItemIdentificationTest" tests="1" skipped="0" failures="0" errors="0" timestamp="2021-07-08T23:15:03" hostname="INSTANCE-2" time="0.011">
  <properties/>
  <testcase name="testInit" classname="net.runelite.client.plugins.itemidentification.ItemIdentificationTest" time="0.011"/>
  <system-out><![CDATA[]]></system-out>
  <system-err><![CDATA[]]></system-err>
</testsuite>
