<?xml version="1.0" encoding="UTF-8"?>
<testsuite name="net.runelite.client.plugins.cluescrolls.clues.hotcold.HotColdLocationTest" tests="1" skipped="0" failures="0" errors="0" timestamp="2021-07-08T23:14:56" hostname="INSTANCE-2" time="0.031">
  <properties/>
  <testcase name="test" classname="net.runelite.client.plugins.cluescrolls.clues.hotcold.HotColdLocationTest" time="0.031"/>
  <system-out><![CDATA[]]></system-out>
  <system-err><![CDATA[]]></system-err>
</testsuite>
