<?xml version="1.0" encoding="UTF-8"?>
<testsuite name="net.runelite.client.plugins.friendlist.FriendListPluginTest" tests="1" skipped="0" failures="0" errors="0" timestamp="2021-07-08T23:14:58" hostname="INSTANCE-2" time="0.204">
  <properties/>
  <testcase name="onChatMessage" classname="net.runelite.client.plugins.friendlist.FriendListPluginTest" time="0.204"/>
  <system-out><![CDATA[]]></system-out>
  <system-err><![CDATA[]]></system-err>
</testsuite>
