<?xml version="1.0" encoding="UTF-8"?>
<testsuite name="net.runelite.client.plugins.discord.DiscordStateTest" tests="3" skipped="0" failures="0" errors="0" timestamp="2021-07-08T23:14:57" hostname="INSTANCE-2" time="0.377">
  <properties/>
  <testcase name="testStatusReset" classname="net.runelite.client.plugins.discord.DiscordStateTest" time="0.358"/>
  <testcase name="testStatusTimeout" classname="net.runelite.client.plugins.discord.DiscordStateTest" time="0.006"/>
  <testcase name="testAreaChange" classname="net.runelite.client.plugins.discord.DiscordStateTest" time="0.013"/>
  <system-out><![CDATA[]]></system-out>
  <system-err><![CDATA[]]></system-err>
</testsuite>
