<?xml version="1.0" encoding="UTF-8"?>
<testsuite name="net.runelite.client.plugins.hiscore.HiscorePanelTest" tests="2" skipped="0" failures="0" errors="0" timestamp="2021-07-08T23:15:02" hostname="INSTANCE-2" time="0.827">
  <properties/>
  <testcase name="testFormatLevel" classname="net.runelite.client.plugins.hiscore.HiscorePanelTest" time="0.006"/>
  <testcase name="testConstructor" classname="net.runelite.client.plugins.hiscore.HiscorePanelTest" time="0.82"/>
  <system-out><![CDATA[]]></system-out>
  <system-err><![CDATA[]]></system-err>
</testsuite>
