<?xml version="1.0" encoding="UTF-8"?>
<testsuite name="net.runelite.client.plugins.timetracking.farming.FarmingTrackerTest" tests="2" skipped="0" failures="0" errors="0" timestamp="2021-07-08T23:15:06" hostname="INSTANCE-2" time="0.293">
  <properties/>
  <testcase name="testEmptyNotification" classname="net.runelite.client.plugins.timetracking.farming.FarmingTrackerTest" time="0.288"/>
  <testcase name="testHarvestableNotification" classname="net.runelite.client.plugins.timetracking.farming.FarmingTrackerTest" time="0.003"/>
  <system-out><![CDATA[]]></system-out>
  <system-err><![CDATA[]]></system-err>
</testsuite>
