<?xml version="1.0" encoding="UTF-8"?>
<testsuite name="net.runelite.client.plugins.npchighlight.NpcIndicatorsPluginTest" tests="5" skipped="2" failures="0" errors="0" timestamp="2021-07-08T23:15:04" hostname="INSTANCE-2" time="0.165">
  <properties/>
  <testcase name="getHighlights" classname="net.runelite.client.plugins.npchighlight.NpcIndicatorsPluginTest" time="0.154"/>
  <testcase name="taggedNpcChanges" classname="net.runelite.client.plugins.npchighlight.NpcIndicatorsPluginTest" time="0.005"/>
  <testcase name="testDeadNpcMenuHighlight" classname="net.runelite.client.plugins.npchighlight.NpcIndicatorsPluginTest" time="0.0">
    <skipped/>
  </testcase>
  <testcase name="testAliveNpcMenuHighlight" classname="net.runelite.client.plugins.npchighlight.NpcIndicatorsPluginTest" time="0.0">
    <skipped/>
  </testcase>
  <testcase name="npcChangesToTagged" classname="net.runelite.client.plugins.npchighlight.NpcIndicatorsPluginTest" time="0.003"/>
  <system-out><![CDATA[]]></system-out>
  <system-err><![CDATA[]]></system-err>
</testsuite>
