<?xml version="1.0" encoding="UTF-8"?>
<testsuite name="net.runelite.client.plugins.grandexchange.GrandExchangeOfferSlotTest" tests="1" skipped="0" failures="0" errors="0" timestamp="2021-07-08T23:14:58" hostname="INSTANCE-2" time="1.292">
  <properties/>
  <testcase name="testUpdateOffer" classname="net.runelite.client.plugins.grandexchange.GrandExchangeOfferSlotTest" time="1.292"/>
  <system-out><![CDATA[]]></system-out>
  <system-err><![CDATA[]]></system-err>
</testsuite>
