<?xml version="1.0" encoding="UTF-8"?>
<testsuite name="net.runelite.client.OkHttpCacheSanityTest" tests="1" skipped="0" failures="0" errors="0" timestamp="2021-07-08T23:14:52" hostname="INSTANCE-2" time="0.243">
  <properties/>
  <testcase name="testCacheSanity" classname="net.runelite.client.OkHttpCacheSanityTest" time="0.243"/>
  <system-out><![CDATA[]]></system-out>
  <system-err><![CDATA[Jul 08, 2021 11:14:52 PM okhttp3.mockwebserver.MockWebServer$2 execute
INFO: MockWebServer[58616] starting to accept connections
Jul 08, 2021 11:14:52 PM okhttp3.mockwebserver.MockWebServer$3 processOneRequest
INFO: MockWebServer[58616] received request: GET /manifest HTTP/1.1 and responded: HTTP/1.1 404 Client Error
Jul 08, 2021 11:14:52 PM okhttp3.mockwebserver.MockWebServer$3 processOneRequest
INFO: MockWebServer[58616] received request: GET /manifest HTTP/1.1 and responded: HTTP/1.1 200 OK
Jul 08, 2021 11:14:52 PM okhttp3.mockwebserver.MockWebServer$3 processOneRequest
INFO: MockWebServer[58616] received request: GET /manifest HTTP/1.1 and responded: HTTP/1.1 304 Redirection
Jul 08, 2021 11:14:52 PM okhttp3.mockwebserver.MockWebServer$2 acceptConnections
INFO: MockWebServer[58616] done accepting connections: Interrupted function call: accept failed
]]></system-err>
</testsuite>
