<?xml version="1.0" encoding="UTF-8"?>
<testsuite name="net.runelite.client.plugins.cluescrolls.clues.ThreeStepCrypticClueTest" tests="2" skipped="0" failures="0" errors="0" timestamp="2021-07-08T23:14:56" hostname="INSTANCE-2" time="0.048">
  <properties/>
  <testcase name="nonNullLocations" classname="net.runelite.client.plugins.cluescrolls.clues.ThreeStepCrypticClueTest" time="0.048"/>
  <testcase name="forTextEmptyString" classname="net.runelite.client.plugins.cluescrolls.clues.ThreeStepCrypticClueTest" time="0.0"/>
  <system-out><![CDATA[]]></system-out>
  <system-err><![CDATA[]]></system-err>
</testsuite>
