<?xml version="1.0" encoding="UTF-8"?>
<testsuite name="net.runelite.client.plugins.loottracker.LootTrackerPluginTest" tests="8" skipped="0" failures="0" errors="0" timestamp="2021-07-08T23:15:03" hostname="INSTANCE-2" time="0.78">
  <properties/>
  <testcase name="testHerbiboarHerbSack" classname="net.runelite.client.plugins.loottracker.LootTrackerPluginTest" time="0.669"/>
  <testcase name="testTemporossRewardPool" classname="net.runelite.client.plugins.loottracker.LootTrackerPluginTest" time="0.037"/>
  <testcase name="testToBRaidsLootValue" classname="net.runelite.client.plugins.loottracker.LootTrackerPluginTest" time="0.024"/>
  <testcase name="testBirdhouses" classname="net.runelite.client.plugins.loottracker.LootTrackerPluginTest" time="0.008"/>
  <testcase name="testCoXRaidsLootValue" classname="net.runelite.client.plugins.loottracker.LootTrackerPluginTest" time="0.011"/>
  <testcase name="testGrubbyChest" classname="net.runelite.client.plugins.loottracker.LootTrackerPluginTest" time="0.013"/>
  <testcase name="testFirstClue" classname="net.runelite.client.plugins.loottracker.LootTrackerPluginTest" time="0.008"/>
  <testcase name="testPickPocket" classname="net.runelite.client.plugins.loottracker.LootTrackerPluginTest" time="0.009"/>
  <system-out><![CDATA[]]></system-out>
  <system-err><![CDATA[]]></system-err>
</testsuite>
