<?xml version="1.0" encoding="UTF-8"?>
<testsuite name="net.runelite.client.plugins.grandexchange.GrandExchangePluginTest" tests="6" skipped="0" failures="0" errors="0" timestamp="2021-07-08T23:14:59" hostname="INSTANCE-2" time="1.635">
  <properties/>
  <testcase name="testHop" classname="net.runelite.client.plugins.grandexchange.GrandExchangePluginTest" time="0.547"/>
  <testcase name="testDuplicateTrade" classname="net.runelite.client.plugins.grandexchange.GrandExchangePluginTest" time="0.026"/>
  <testcase name="testLogin" classname="net.runelite.client.plugins.grandexchange.GrandExchangePluginTest" time="1.038"/>
  <testcase name="testSubmitTrade" classname="net.runelite.client.plugins.grandexchange.GrandExchangePluginTest" time="0.013"/>
  <testcase name="testFindFuzzyIndices" classname="net.runelite.client.plugins.grandexchange.GrandExchangePluginTest" time="0.003"/>
  <testcase name="testCancelTrade" classname="net.runelite.client.plugins.grandexchange.GrandExchangePluginTest" time="0.006"/>
  <system-out><![CDATA[]]></system-out>
  <system-err><![CDATA[]]></system-err>
</testsuite>
