<?xml version="1.0" encoding="UTF-8"?>
<testsuite name="net.runelite.client.plugins.slayer.SlayerPluginTest" tests="45" skipped="0" failures="0" errors="0" timestamp="2021-07-08T23:15:05" hostname="INSTANCE-2" time="0.566">
  <properties/>
  <testcase name="testCheckSlayerGemWildernessTask" classname="net.runelite.client.plugins.slayer.SlayerPluginTest" time="0.285"/>
  <testcase name="testKonarBossTask" classname="net.runelite.client.plugins.slayer.SlayerPluginTest" time="0.007"/>
  <testcase name="testCombatBraceletUpdate" classname="net.runelite.client.plugins.slayer.SlayerPluginTest" time="0.007"/>
  <testcase name="testOneTask" classname="net.runelite.client.plugins.slayer.SlayerPluginTest" time="0.005"/>
  <testcase name="testCheckSlayerGemKonarTask" classname="net.runelite.client.plugins.slayer.SlayerPluginTest" time="0.005"/>
  <testcase name="testBossTask" classname="net.runelite.client.plugins.slayer.SlayerPluginTest" time="0.006"/>
  <testcase name="testNewAccountSlayerKill" classname="net.runelite.client.plugins.slayer.SlayerPluginTest" time="0.005"/>
  <testcase name="testIncorrectlyCapturedTaskKill" classname="net.runelite.client.plugins.slayer.SlayerPluginTest" time="0.005"/>
  <testcase name="testBraceletSlaughter" classname="net.runelite.client.plugins.slayer.SlayerPluginTest" time="0.004"/>
  <testcase name="testNewKonarTask" classname="net.runelite.client.plugins.slayer.SlayerPluginTest" time="0.006"/>
  <testcase name="testTaskMaxPoints" classname="net.runelite.client.plugins.slayer.SlayerPluginTest" time="0.005"/>
  <testcase name="testTaskMaxStreak" classname="net.runelite.client.plugins.slayer.SlayerPluginTest" time="0.005"/>
  <testcase name="testExistingTaskWilderness" classname="net.runelite.client.plugins.slayer.SlayerPluginTest" time="0.006"/>
  <testcase name="updateInitialAmount" classname="net.runelite.client.plugins.slayer.SlayerPluginTest" time="0.006"/>
  <testcase name="testBraceletExpeditious" classname="net.runelite.client.plugins.slayer.SlayerPluginTest" time="0.021"/>
  <testcase name="testMultikill" classname="net.runelite.client.plugins.slayer.SlayerPluginTest" time="0.013"/>
  <testcase name="testJadTaskKill" classname="net.runelite.client.plugins.slayer.SlayerPluginTest" time="0.005"/>
  <testcase name="testRewardPointsWidget" classname="net.runelite.client.plugins.slayer.SlayerPluginTest" time="0.006"/>
  <testcase name="testCorrectlyCapturedTaskKill" classname="net.runelite.client.plugins.slayer.SlayerPluginTest" time="0.006"/>
  <testcase name="testTaskLookup" classname="net.runelite.client.plugins.slayer.SlayerPluginTest" time="0.006"/>
  <testcase name="testComplete" classname="net.runelite.client.plugins.slayer.SlayerPluginTest" time="0.005"/>
  <testcase name="testFirstTaskKonar" classname="net.runelite.client.plugins.slayer.SlayerPluginTest" time="0.006"/>
  <testcase name="testBossTaskThe" classname="net.runelite.client.plugins.slayer.SlayerPluginTest" time="0.005"/>
  <testcase name="testPartnerTask" classname="net.runelite.client.plugins.slayer.SlayerPluginTest" time="0.005"/>
  <testcase name="testSlayergemActivateWilderness" classname="net.runelite.client.plugins.slayer.SlayerPluginTest" time="0.005"/>
  <testcase name="infoboxNotAddedOnLogin" classname="net.runelite.client.plugins.slayer.SlayerPluginTest" time="0.008"/>
  <testcase name="testTaskLookupInvalid" classname="net.runelite.client.plugins.slayer.SlayerPluginTest" time="0.039"/>
  <testcase name="testSlayergemActivateKonar" classname="net.runelite.client.plugins.slayer.SlayerPluginTest" time="0.004"/>
  <testcase name="testTaskWilderness" classname="net.runelite.client.plugins.slayer.SlayerPluginTest" time="0.004"/>
  <testcase name="testSuperiorNotification" classname="net.runelite.client.plugins.slayer.SlayerPluginTest" time="0.003"/>
  <testcase name="testTaskCompleteTurael" classname="net.runelite.client.plugins.slayer.SlayerPluginTest" time="0.004"/>
  <testcase name="testFirstTask" classname="net.runelite.client.plugins.slayer.SlayerPluginTest" time="0.005"/>
  <testcase name="testSlayergemActivate" classname="net.runelite.client.plugins.slayer.SlayerPluginTest" time="0.005"/>
  <testcase name="testCancelled" classname="net.runelite.client.plugins.slayer.SlayerPluginTest" time="0.004"/>
  <testcase name="testNoPoints" classname="net.runelite.client.plugins.slayer.SlayerPluginTest" time="0.004"/>
  <testcase name="testNewTask" classname="net.runelite.client.plugins.slayer.SlayerPluginTest" time="0.004"/>
  <testcase name="testZukTaskKill" classname="net.runelite.client.plugins.slayer.SlayerPluginTest" time="0.004"/>
  <testcase name="testExistingTaskKonar" classname="net.runelite.client.plugins.slayer.SlayerPluginTest" time="0.005"/>
  <testcase name="testPoints" classname="net.runelite.client.plugins.slayer.SlayerPluginTest" time="0.004"/>
  <testcase name="testExistingTask" classname="net.runelite.client.plugins.slayer.SlayerPluginTest" time="0.004"/>
  <testcase name="testNewNpcContactTask" classname="net.runelite.client.plugins.slayer.SlayerPluginTest" time="0.005"/>
  <testcase name="testCheckSlayerGem" classname="net.runelite.client.plugins.slayer.SlayerPluginTest" time="0.004"/>
  <testcase name="testNewKonarTask2" classname="net.runelite.client.plugins.slayer.SlayerPluginTest" time="0.004"/>
  <testcase name="testNewKonarTask3" classname="net.runelite.client.plugins.slayer.SlayerPluginTest" time="0.004"/>
  <testcase name="testLargeStreak" classname="net.runelite.client.plugins.slayer.SlayerPluginTest" time="0.004"/>
  <system-out><![CDATA[]]></system-out>
  <system-err><![CDATA[]]></system-err>
</testsuite>
