<?xml version="1.0" encoding="UTF-8"?>
<testsuite name="net.runelite.client.plugins.opponentinfo.OpponentInfoPluginTest" tests="3" skipped="0" failures="0" errors="0" timestamp="2021-07-08T23:15:04" hostname="INSTANCE-2" time="0.314">
  <properties/>
  <testcase name="testNonLocalPlayerInteractions" classname="net.runelite.client.plugins.opponentinfo.OpponentInfoPluginTest" time="0.308"/>
  <testcase name="testNpcInteractions" classname="net.runelite.client.plugins.opponentinfo.OpponentInfoPluginTest" time="0.002"/>
  <testcase name="testOtherPlayerInteractions" classname="net.runelite.client.plugins.opponentinfo.OpponentInfoPluginTest" time="0.002"/>
  <system-out><![CDATA[]]></system-out>
  <system-err><![CDATA[]]></system-err>
</testsuite>
